2024-01-17 10:57:15 [System Name] error : uncaughtException: Cannot read properties of undefined (reading 'Console')
TypeError: Cannot read properties of undefined (reading 'Console')
    at Object.<anonymous> (/Users/choiyeonseo/Desktop/side/discode/clover/discord-bot/logger.js:69:27)
    at Module._compile (node:internal/modules/cjs/loader:1105:14)
    at Object.Module._extensions..js (node:internal/modules/cjs/loader:1159:10)
    at Module.load (node:internal/modules/cjs/loader:981:32)
    at Function.Module._load (node:internal/modules/cjs/loader:822:12)
    at Module.require (node:internal/modules/cjs/loader:1005:19)
    at require (node:internal/modules/cjs/helpers:102:18)
    at Object.<anonymous> (/Users/choiyeonseo/Desktop/side/discode/clover/discord-bot/server.js:11:13)
    at Module._compile (node:internal/modules/cjs/loader:1105:14)
    at Object.Module._extensions..js (node:internal/modules/cjs/loader:1159:10)
2024-01-17 10:57:33 [System Name] error : uncaughtException: Cannot read properties of undefined (reading 'Console')
TypeError: Cannot read properties of undefined (reading 'Console')
    at Object.<anonymous> (/Users/choiyeonseo/Desktop/side/discode/clover/discord-bot/logger.js:69:27)
    at Module._compile (node:internal/modules/cjs/loader:1105:14)
    at Object.Module._extensions..js (node:internal/modules/cjs/loader:1159:10)
    at Module.load (node:internal/modules/cjs/loader:981:32)
    at Function.Module._load (node:internal/modules/cjs/loader:822:12)
    at Module.require (node:internal/modules/cjs/loader:1005:19)
    at require (node:internal/modules/cjs/helpers:102:18)
    at Object.<anonymous> (/Users/choiyeonseo/Desktop/side/discode/clover/discord-bot/server.js:11:13)
    at Module._compile (node:internal/modules/cjs/loader:1105:14)
    at Object.Module._extensions..js (node:internal/modules/cjs/loader:1159:10)
